2023-03-05T07:34:53.908Z INFO: Beginning migration: 4.1->4.2+
2023-03-05T07:34:53.930Z INFO: 4.1->4.2+ migration complete!
2023-03-05T07:34:53.931Z INFO: Beginning migration: 4.2->4.3+
2023-03-05T07:34:53.943Z INFO: 4.2->4.3+ migration complete!
2023-03-05T07:34:55.586Z INFO: YoutubeDL-Material v4.3 started on PORT 17442
2023-03-05T07:38:13.527Z INFO: YoutubeDL-Material v4.3 started on PORT 17442
2023-03-06T06:08:36.805Z INFO: YoutubeDL-Material v4.3 started on PORT 17442
2023-03-06T07:34:55.073Z ERROR: File video\Teen Lesbian Girls (Sydney Cole & Cyrstal Rae) Perform In Amazing Girl On Girl Sex Act clip-29.mp4 could not be found! UID: 717d446c-32e5-4a6c-b44e-9b06d706325f, ID: Teen Lesbian Girls (Sydney Cole & Cyrstal Rae) Perform In Amazing Girl On Girl Sex Act clip-29
2023-03-06T07:34:55.248Z ERROR: File video\BANGBROS - Ballet Queen Nina North Gets Latina Teen Pussy Smashed.mp4 could not be found! UID: 540b9279-c35c-49fc-9f16-1ece33973ee5, ID: BANGBROS - Ballet Queen Nina North Gets Latina Teen Pussy Smashed
2023-03-06T07:35:41.260Z ERROR: Could not find associated JSON file for video file video\My_diaper_girlfriend_jarina-480p.mp4
2023-03-06T07:35:59.508Z ERROR: File video\(Alex Legend, Desiree Dulce) - Overflowing Stacks - Reality Kings.mp4 could not be found! UID: 44ebd4f5-3d7f-4fbf-a230-560bb8a47392, ID: (Alex Legend, Desiree Dulce) - Overflowing Stacks - Reality Kings
2023-03-06T07:35:59.590Z ERROR: File video\Teen Lesbian Girls (Sydney Cole & Cyrstal Rae) Perform In Amazing Girl On Girl Sex Act clip-29.mp4 could not be found! UID: 717d446c-32e5-4a6c-b44e-9b06d706325f, ID: Teen Lesbian Girls (Sydney Cole & Cyrstal Rae) Perform In Amazing Girl On Girl Sex Act clip-29
2023-03-06T07:36:01.762Z ERROR: File video\Dude tries out his cute little sex robot first time ever.mp4 could not be found! UID: 75f0871f-1489-43cf-aec4-eca87f3eddaf, ID: Dude tries out his cute little sex robot first time ever
2023-03-06T09:09:23.574Z INFO: YoutubeDL-Material v4.3 started on PORT 17442
2023-03-07T07:01:54.195Z INFO: YoutubeDL-Material v4.3 started on PORT 17442
2023-03-07T07:03:12.365Z ERROR: File video\Teen Lesbian Girls (Sydney Cole & Cyrstal Rae) Perform In Amazing Girl On Girl Sex Act clip-29.mp4 could not be found! UID: 717d446c-32e5-4a6c-b44e-9b06d706325f, ID: Teen Lesbian Girls (Sydney Cole & Cyrstal Rae) Perform In Amazing Girl On Girl Sex Act clip-29
2023-03-07T07:03:12.642Z ERROR: File video\(Alex Legend, Desiree Dulce) - Overflowing Stacks - Reality Kings.mp4 could not be found! UID: 44ebd4f5-3d7f-4fbf-a230-560bb8a47392, ID: (Alex Legend, Desiree Dulce) - Overflowing Stacks - Reality Kings
2023-03-07T07:03:14.162Z ERROR: File video\(Alex Legend, Desiree Dulce) - Overflowing Stacks - Reality Kings.mp4 could not be found! UID: 44ebd4f5-3d7f-4fbf-a230-560bb8a47392, ID: (Alex Legend, Desiree Dulce) - Overflowing Stacks - Reality Kings
2023-03-07T07:03:15.188Z ERROR: File video\Teen Lesbian Girls (Sydney Cole & Cyrstal Rae) Perform In Amazing Girl On Girl Sex Act clip-29.mp4 could not be found! UID: 717d446c-32e5-4a6c-b44e-9b06d706325f, ID: Teen Lesbian Girls (Sydney Cole & Cyrstal Rae) Perform In Amazing Girl On Girl Sex Act clip-29
2023-03-07T07:03:16.447Z ERROR: File video\BANGBROS - Ballet Queen Nina North Gets Latina Teen Pussy Smashed.mp4 could not be found! UID: 540b9279-c35c-49fc-9f16-1ece33973ee5, ID: BANGBROS - Ballet Queen Nina North Gets Latina Teen Pussy Smashed
2023-03-07T07:03:16.521Z ERROR: File video\Dude tries out his cute little sex robot first time ever.mp4 could not be found! UID: 75f0871f-1489-43cf-aec4-eca87f3eddaf, ID: Dude tries out his cute little sex robot first time ever
2023-03-07T07:03:17.489Z ERROR: File video\Dude tries out his cute little sex robot first time ever.mp4 could not be found! UID: 75f0871f-1489-43cf-aec4-eca87f3eddaf, ID: Dude tries out his cute little sex robot first time ever
2023-03-07T07:03:18.443Z ERROR: File video\My diaper girlfriend jarina.mp4 could not be found! UID: 53fe14c3-9100-46f0-87fc-39d632756eed, ID: My diaper girlfriend jarina
2023-03-07T07:09:48.196Z ERROR: File video\My Hero Academia： Uravity tries don't cum while sex machine fucks her pussy and ass - Spooky Boogie.mp4 could not be found! UID: 92d80b0d-e1b9-43d0-905c-d405bf2d1878, ID: My Hero Academia： Uravity tries don't cum while sex machine fucks her pussy and ass - Spooky Boogie
2023-03-07T07:09:51.129Z ERROR: File video\Ballet girls abuse their new training partner!.mp4 could not be found! UID: 3a7fbabb-b533-46fa-bf33-dcaba2502611, ID: Ballet girls abuse their new training partner!
2023-03-07T07:09:51.233Z ERROR: File video\Ballet girls abuse their new training partner!.mp4 could not be found! UID: 3a7fbabb-b533-46fa-bf33-dcaba2502611, ID: Ballet girls abuse their new training partner!
2023-03-07T07:09:53.363Z ERROR: File video\Nude ballerina Annett A dances and her athletic body shows wonders of flexibility and grace..mp4 could not be found! UID: aa8218af-3a85-48cc-be75-bcdbabdf87f3, ID: Nude ballerina Annett A dances and her athletic body shows wonders of flexibility and grace.
2023-03-07T07:09:54.209Z ERROR: File video\Ghiinbvh.mp4 could not be found! UID: 087a2114-f404-486a-9461-a166c409eae1, ID: Ghiinbvh
2023-03-07T07:13:41.972Z ERROR: File video\Submissive slut hard throatfuck ass to mouth piss swallow face spitting rimming.mp4 could not be found! UID: ee0e6e5a-6071-47b9-b521-6bc62e23a231, ID: Submissive slut hard throatfuck ass to mouth piss swallow face spitting rimming
